TN:
SF:src/api_backends/hf_tgi/hf_tgi.ts
FN:19,(anonymous_0)
FN:52,(anonymous_1)
FN:61,(anonymous_2)
FN:68,(anonymous_3)
FN:88,(anonymous_4)
FN:92,(anonymous_5)
FN:105,(anonymous_6)
FN:137,(anonymous_7)
FN:141,(anonymous_8)
FN:154,(anonymous_9)
FN:185,(anonymous_10)
FN:195,(anonymous_11)
FN:225,(anonymous_12)
FN:232,(anonymous_13)
FN:246,(anonymous_14)
FN:268,(anonymous_15)
FN:281,(anonymous_16)
FN:341,(anonymous_17)
FN:359,(anonymous_18)
FN:389,(anonymous_19)
FN:402,(anonymous_20)
FN:493,(anonymous_21)
FN:513,(anonymous_22)
FN:531,(anonymous_23)
FN:573,(anonymous_24)
FN:612,(anonymous_25)
FN:639,(anonymous_26)
FN:654,(anonymous_27)
FN:691,(anonymous_28)
FN:755,(anonymous_29)
FN:777,(anonymous_30)
FN:800,(anonymous_31)
FN:842,(anonymous_32)
FN:846,(anonymous_33)
FN:850,(anonymous_34)
FN:854,(anonymous_35)
FN:858,(anonymous_36)
FN:862,(anonymous_37)
FN:866,(anonymous_38)
FN:870,(anonymous_39)
FN:890,(anonymous_40)
FN:918,(anonymous_41)
FN:957,(anonymous_42)
FN:1037,(anonymous_43)
FNF:44
FNH:41
FNDA:76,(anonymous_0)
FNDA:260,(anonymous_1)
FNDA:282,(anonymous_2)
FNDA:11,(anonymous_3)
FNDA:4,(anonymous_4)
FNDA:3,(anonymous_5)
FNDA:1,(anonymous_6)
FNDA:4,(anonymous_7)
FNDA:2,(anonymous_8)
FNDA:1,(anonymous_9)
FNDA:1,(anonymous_10)
FNDA:4,(anonymous_11)
FNDA:1,(anonymous_12)
FNDA:31,(anonymous_13)
FNDA:37,(anonymous_14)
FNDA:0,(anonymous_15)
FNDA:1,(anonymous_16)
FNDA:3,(anonymous_17)
FNDA:11,(anonymous_18)
FNDA:0,(anonymous_19)
FNDA:0,(anonymous_20)
FNDA:1,(anonymous_21)
FNDA:1,(anonymous_22)
FNDA:3,(anonymous_23)
FNDA:6,(anonymous_24)
FNDA:16,(anonymous_25)
FNDA:13,(anonymous_26)
FNDA:1,(anonymous_27)
FNDA:88,(anonymous_28)
FNDA:4,(anonymous_29)
FNDA:2,(anonymous_30)
FNDA:3,(anonymous_31)
FNDA:2,(anonymous_32)
FNDA:2,(anonymous_33)
FNDA:2,(anonymous_34)
FNDA:2,(anonymous_35)
FNDA:2,(anonymous_36)
FNDA:2,(anonymous_37)
FNDA:2,(anonymous_38)
FNDA:2,(anonymous_39)
FNDA:3,(anonymous_40)
FNDA:4,(anonymous_41)
FNDA:13,(anonymous_42)
FNDA:3,(anonymous_43)
DA:1,1
DA:11,1
DA:12,76
DA:13,76
DA:14,76
DA:20,76
DA:23,76
DA:24,1
DA:25,1
DA:29,76
DA:30,74
DA:34,76
DA:35,73
DA:53,260
DA:62,282
DA:70,11
DA:89,4
DA:90,4
DA:92,4
DA:93,3
DA:94,3
DA:97,3
DA:103,3
DA:105,1
DA:107,1
DA:114,1
DA:117,2
DA:123,1
DA:124,1
DA:138,4
DA:139,4
DA:141,4
DA:142,2
DA:143,2
DA:146,2
DA:152,2
DA:154,1
DA:156,1
DA:163,1
DA:166,1
DA:172,1
DA:173,1
DA:187,1
DA:196,4
DA:197,4
DA:198,4
DA:201,4
DA:210,4
DA:215,3
DA:217,1
DA:218,1
DA:226,1
DA:233,31
DA:234,31
DA:235,31
DA:238,31
DA:241,31
DA:242,3
DA:246,31
DA:248,37
DA:253,37
DA:254,37
DA:258,37
DA:259,37
DA:263,37
DA:266,37
DA:267,37
DA:268,37
DA:270,37
DA:272,37
DA:280,35
DA:281,12
DA:284,12
DA:291,12
DA:292,8
DA:293,3
DA:297,8
DA:298,1
DA:299,1
DA:303,8
DA:307,23
DA:310,23
DA:311,2
DA:312,2
DA:315,2
DA:316,1
DA:317,1
DA:318,1
DA:322,23
DA:324,14
DA:325,1
DA:327,13
DA:329,37
DA:348,3
DA:360,11
DA:361,11
DA:362,11
DA:363,11
DA:366,11
DA:372,11
DA:377,11
DA:378,11
DA:382,11
DA:383,11
DA:387,11
DA:388,11
DA:389,11
DA:391,11
DA:393,11
DA:401,10
DA:402,1
DA:403,1
DA:410,9
DA:411,1
DA:415,8
DA:416,8
DA:417,8
DA:419,8
DA:420,33
DA:421,33
DA:423,25
DA:424,25
DA:425,25
DA:427,25
DA:428,3
DA:430,3
DA:431,3
DA:434,2
DA:435,2
DA:437,2
DA:445,1
DA:451,8
DA:452,7
DA:453,7
DA:456,1
DA:457,1
DA:459,1
DA:467,6
DA:472,8
DA:480,3
DA:481,1
DA:483,2
DA:485,11
DA:500,1
DA:507,1
DA:520,1
DA:540,3
DA:543,3
DA:549,3
DA:558,3
DA:560,1
DA:561,2
DA:563,1
DA:566,1
DA:582,6
DA:585,6
DA:592,6
DA:601,6
DA:604,6
DA:605,8
DA:613,16
DA:615,16
DA:616,20
DA:617,20
DA:621,20
DA:622,2
DA:623,18
DA:624,1
DA:626,17
DA:631,16
DA:633,16
DA:641,13
DA:642,13
DA:644,13
DA:664,1
DA:669,1
DA:671,1
DA:673,1
DA:674,1
DA:675,1
DA:676,1
DA:677,1
DA:680,1
DA:684,1
DA:693,88
DA:696,88
DA:699,88
DA:702,88
DA:738,88
DA:747,88
DA:749,88
DA:757,4
DA:758,2
DA:759,1
DA:761,1
DA:766,4
DA:767,1
DA:771,4
DA:778,2
DA:779,1
DA:783,1
DA:786,1
DA:787,2
DA:789,2
DA:794,1
DA:801,3
DA:803,1
DA:805,1
DA:820,2
DA:823,2
DA:824,1
DA:838,1
DA:841,1
DA:842,2
DA:845,1
DA:846,2
DA:849,1
DA:850,2
DA:853,1
DA:854,2
DA:857,1
DA:858,2
DA:861,1
DA:862,2
DA:865,1
DA:866,2
DA:869,1
DA:870,2
DA:873,1
DA:891,3
DA:893,1
DA:894,1
DA:895,1
DA:896,1
DA:897,1
DA:898,1
DA:899,2
DA:901,1
DA:902,1
DA:903,4
DA:904,4
DA:905,4
DA:906,4
DA:907,4
DA:910,1
DA:923,4
DA:924,1
DA:928,3
DA:929,3
DA:932,3
DA:939,3
DA:940,3
DA:943,2
DA:945,2
DA:948,1
DA:949,1
DA:959,13
DA:962,13
DA:965,13
DA:966,13
DA:967,13
DA:968,13
DA:969,13
DA:970,13
DA:971,13
DA:972,13
DA:973,13
DA:977,13
DA:980,13
DA:983,13
DA:985,13
DA:987,13
DA:993,13
DA:1002,13
DA:1005,12
DA:1006,12
DA:1007,11
DA:1009,1
DA:1013,12
DA:1016,12
DA:1019,12
DA:1028,1
DA:1029,1
DA:1039,3
DA:1042,3
DA:1045,3
DA:1046,3
DA:1047,3
DA:1048,3
DA:1049,3
DA:1050,3
DA:1051,3
DA:1052,3
DA:1053,3
DA:1057,3
DA:1060,3
DA:1063,3
DA:1066,3
DA:1073,3
DA:1081,3
DA:1084,3
DA:1085,1
LF:302
LH:302
BRDA:19,0,0,0
BRDA:19,1,0,1
BRDA:23,2,0,1
BRDA:29,3,0,74
BRDA:34,4,0,73
BRDA:34,5,0,76
BRDA:34,5,1,3
BRDA:53,6,0,260
BRDA:53,6,1,3
BRDA:53,6,2,3
BRDA:55,7,0,3
BRDA:55,7,1,0
BRDA:55,8,0,3
BRDA:55,8,1,3
BRDA:55,8,2,3
BRDA:71,9,0,11
BRDA:71,9,1,10
BRDA:71,9,2,9
BRDA:71,9,3,8
BRDA:71,9,4,7
BRDA:71,9,5,6
BRDA:71,9,6,5
BRDA:71,9,7,4
BRDA:71,9,8,3
BRDA:71,9,9,2
BRDA:99,10,0,3
BRDA:99,10,1,3
BRDA:103,11,0,1
BRDA:103,11,1,2
BRDA:126,12,0,1
BRDA:126,12,1,1
BRDA:127,13,0,1
BRDA:127,13,1,1
BRDA:138,14,0,4
BRDA:138,14,1,0
BRDA:139,15,0,4
BRDA:139,15,1,0
BRDA:148,16,0,2
BRDA:148,16,1,2
BRDA:152,17,0,1
BRDA:152,17,1,1
BRDA:175,18,0,1
BRDA:175,18,1,1
BRDA:176,19,0,1
BRDA:176,19,1,1
BRDA:197,20,0,4
BRDA:197,20,1,2
BRDA:197,21,0,2
BRDA:197,21,1,2
BRDA:198,22,0,4
BRDA:198,22,1,2
BRDA:233,23,0,31
BRDA:233,23,1,15
BRDA:234,24,0,31
BRDA:234,24,1,2
BRDA:234,25,0,2
BRDA:234,25,1,2
BRDA:235,26,0,31
BRDA:235,26,1,16
BRDA:241,27,0,3
BRDA:241,28,0,31
BRDA:241,28,1,3
BRDA:253,29,0,37
BRDA:258,30,0,37
BRDA:266,31,0,37
BRDA:266,31,1,34
BRDA:266,31,2,32
BRDA:280,32,0,12
BRDA:285,33,0,12
BRDA:285,33,1,2
BRDA:287,34,0,12
BRDA:287,34,1,2
BRDA:292,35,0,3
BRDA:292,36,0,8
BRDA:292,36,1,6
BRDA:297,37,0,1
BRDA:310,38,0,2
BRDA:315,39,0,1
BRDA:316,40,0,1
BRDA:316,40,1,0
BRDA:317,41,0,1
BRDA:317,41,1,0
BRDA:318,42,0,1
BRDA:318,42,1,0
BRDA:324,43,0,1
BRDA:332,44,0,31
BRDA:332,44,1,31
BRDA:332,44,2,29
BRDA:333,45,0,31
BRDA:333,45,1,29
BRDA:334,46,0,31
BRDA:334,46,1,29
BRDA:360,47,0,11
BRDA:360,47,1,9
BRDA:361,48,0,11
BRDA:361,48,1,2
BRDA:362,49,0,11
BRDA:362,49,1,3
BRDA:363,50,0,11
BRDA:363,50,1,6
BRDA:377,51,0,11
BRDA:382,52,0,11
BRDA:387,53,0,11
BRDA:387,53,1,11
BRDA:401,54,0,1
BRDA:404,55,0,1
BRDA:404,55,1,1
BRDA:406,56,0,1
BRDA:406,56,1,1
BRDA:410,57,0,1
BRDA:421,58,0,8
BRDA:425,59,0,25
BRDA:425,59,1,3
BRDA:428,60,0,0
BRDA:434,61,0,2
BRDA:434,61,1,2
BRDA:434,61,2,0
BRDA:451,62,0,7
BRDA:456,63,0,1
BRDA:456,63,1,1
BRDA:456,63,2,0
BRDA:480,64,0,1
BRDA:502,65,0,1
BRDA:502,65,1,0
BRDA:503,66,0,1
BRDA:503,66,1,0
BRDA:558,67,0,1
BRDA:558,67,1,2
BRDA:560,68,0,1
BRDA:560,68,1,0
BRDA:561,69,0,1
BRDA:561,69,1,1
BRDA:616,70,0,20
BRDA:616,70,1,0
BRDA:617,71,0,19
BRDA:617,71,1,1
BRDA:621,72,0,2
BRDA:621,72,1,18
BRDA:623,73,0,1
BRDA:623,73,1,17
BRDA:669,74,0,1
BRDA:669,75,0,1
BRDA:669,75,1,0
BRDA:669,75,2,0
BRDA:669,75,3,0
BRDA:669,75,4,0
BRDA:673,76,0,1
BRDA:674,77,0,1
BRDA:675,78,0,1
BRDA:676,79,0,1
BRDA:677,80,0,1
BRDA:680,81,0,1
BRDA:680,81,1,1
BRDA:693,82,0,88
BRDA:693,82,1,1
BRDA:699,83,0,88
BRDA:699,83,1,8
BRDA:699,83,2,8
BRDA:699,83,3,0
BRDA:706,84,0,88
BRDA:706,84,1,15
BRDA:707,85,0,88
BRDA:707,85,1,15
BRDA:708,86,0,88
BRDA:708,86,1,15
BRDA:709,87,0,88
BRDA:709,87,1,88
BRDA:710,88,0,88
BRDA:710,88,1,88
BRDA:711,89,0,88
BRDA:711,89,1,88
BRDA:712,90,0,88
BRDA:712,90,1,88
BRDA:716,91,0,88
BRDA:716,91,1,10
BRDA:716,91,2,10
BRDA:717,92,0,88
BRDA:717,92,1,86
BRDA:717,93,0,86
BRDA:717,93,1,10
BRDA:717,93,2,10
BRDA:718,94,0,88
BRDA:718,94,1,15
BRDA:718,94,2,15
BRDA:719,95,0,88
BRDA:719,95,1,15
BRDA:719,95,2,15
BRDA:720,96,0,88
BRDA:720,96,1,88
BRDA:720,96,2,88
BRDA:721,97,0,88
BRDA:721,97,1,88
BRDA:721,97,2,88
BRDA:722,98,0,88
BRDA:722,98,1,88
BRDA:722,98,2,88
BRDA:743,99,0,88
BRDA:743,99,1,15
BRDA:757,100,0,2
BRDA:758,101,0,1
BRDA:758,101,1,1
BRDA:766,102,0,1
BRDA:778,103,0,1
BRDA:787,104,0,2
BRDA:801,105,0,1
BRDA:801,105,1,2
BRDA:801,106,0,3
BRDA:801,106,1,1
BRDA:823,107,0,1
BRDA:891,108,0,1
BRDA:891,108,1,2
BRDA:891,109,0,3
BRDA:891,109,1,2
BRDA:899,110,0,1
BRDA:899,110,1,1
BRDA:923,111,0,1
BRDA:929,112,0,3
BRDA:929,112,1,3
BRDA:959,113,0,13
BRDA:959,113,1,12
BRDA:966,114,0,13
BRDA:967,115,0,1
BRDA:968,116,0,1
BRDA:969,117,0,1
BRDA:970,118,0,0
BRDA:971,119,0,0
BRDA:972,120,0,0
BRDA:973,121,0,13
BRDA:973,121,1,13
BRDA:973,121,2,13
BRDA:977,122,0,13
BRDA:977,122,1,13
BRDA:983,123,0,13
BRDA:983,123,1,12
BRDA:1006,124,0,11
BRDA:1006,124,1,1
BRDA:1007,125,0,11
BRDA:1007,125,1,0
BRDA:1039,126,0,3
BRDA:1039,126,1,3
BRDA:1046,127,0,3
BRDA:1047,128,0,0
BRDA:1048,129,0,0
BRDA:1049,130,0,0
BRDA:1050,131,0,0
BRDA:1051,132,0,0
BRDA:1052,133,0,0
BRDA:1053,134,0,3
BRDA:1053,134,1,3
BRDA:1053,134,2,3
BRDA:1057,135,0,3
BRDA:1057,135,1,3
BRDA:1063,136,0,3
BRDA:1063,136,1,3
BRDA:1086,137,0,1
BRDA:1086,137,1,1
BRDA:1088,138,0,1
BRDA:1088,138,1,0
BRF:258
BRH:228
end_of_record
