<?xml version="1.0" encoding="UTF-8"?>
<coverage generated="1742024674246" clover="3.2.0">
  <project timestamp="1742024674246" name="All files">
    <metrics statements="302" coveredstatements="302" conditionals="258" coveredconditionals="228" methods="44" coveredmethods="41" elements="604" coveredelements="571" complexity="0" loc="302" ncloc="302" packages="1" files="1" classes="1"/>
    <file name="hf_tgi.ts" path="/home/barberb/ipfs_accelerate_py/test/ipfs_accelerate_js/src/api_backends/hf_tgi/hf_tgi.ts">
      <metrics statements="302" coveredstatements="302" conditionals="258" coveredconditionals="228" methods="44" coveredmethods="41"/>
      <line num="1" count="1" type="stmt"/>
      <line num="11" count="1" type="stmt"/>
      <line num="12" count="76" type="stmt"/>
      <line num="13" count="76" type="stmt"/>
      <line num="14" count="76" type="stmt"/>
      <line num="20" count="76" type="stmt"/>
      <line num="23" count="76" type="cond" truecount="1" falsecount="0"/>
      <line num="24" count="1" type="stmt"/>
      <line num="25" count="1" type="stmt"/>
      <line num="29" count="76" type="cond" truecount="1" falsecount="0"/>
      <line num="30" count="74" type="stmt"/>
      <line num="34" count="76" type="cond" truecount="3" falsecount="0"/>
      <line num="35" count="73" type="stmt"/>
      <line num="53" count="260" type="cond" truecount="3" falsecount="0"/>
      <line num="62" count="282" type="stmt"/>
      <line num="70" count="11" type="stmt"/>
      <line num="89" count="4" type="stmt"/>
      <line num="90" count="4" type="stmt"/>
      <line num="92" count="4" type="stmt"/>
      <line num="93" count="3" type="stmt"/>
      <line num="94" count="3" type="stmt"/>
      <line num="97" count="3" type="stmt"/>
      <line num="103" count="3" type="cond" truecount="2" falsecount="0"/>
      <line num="105" count="1" type="stmt"/>
      <line num="107" count="1" type="stmt"/>
      <line num="114" count="1" type="stmt"/>
      <line num="117" count="2" type="stmt"/>
      <line num="123" count="1" type="stmt"/>
      <line num="124" count="1" type="stmt"/>
      <line num="138" count="4" type="cond" truecount="1" falsecount="1"/>
      <line num="139" count="4" type="cond" truecount="1" falsecount="1"/>
      <line num="141" count="4" type="stmt"/>
      <line num="142" count="2" type="stmt"/>
      <line num="143" count="2" type="stmt"/>
      <line num="146" count="2" type="stmt"/>
      <line num="152" count="2" type="cond" truecount="2" falsecount="0"/>
      <line num="154" count="1" type="stmt"/>
      <line num="156" count="1" type="stmt"/>
      <line num="163" count="1" type="stmt"/>
      <line num="166" count="1" type="stmt"/>
      <line num="172" count="1" type="stmt"/>
      <line num="173" count="1" type="stmt"/>
      <line num="187" count="1" type="stmt"/>
      <line num="196" count="4" type="stmt"/>
      <line num="197" count="4" type="cond" truecount="4" falsecount="0"/>
      <line num="198" count="4" type="cond" truecount="2" falsecount="0"/>
      <line num="201" count="4" type="stmt"/>
      <line num="210" count="4" type="stmt"/>
      <line num="215" count="3" type="stmt"/>
      <line num="217" count="1" type="stmt"/>
      <line num="218" count="1" type="stmt"/>
      <line num="226" count="1" type="stmt"/>
      <line num="233" count="31" type="cond" truecount="2" falsecount="0"/>
      <line num="234" count="31" type="cond" truecount="4" falsecount="0"/>
      <line num="235" count="31" type="cond" truecount="2" falsecount="0"/>
      <line num="238" count="31" type="stmt"/>
      <line num="241" count="31" type="cond" truecount="3" falsecount="0"/>
      <line num="242" count="3" type="stmt"/>
      <line num="246" count="31" type="stmt"/>
      <line num="248" count="37" type="stmt"/>
      <line num="253" count="37" type="cond" truecount="1" falsecount="0"/>
      <line num="254" count="37" type="stmt"/>
      <line num="258" count="37" type="cond" truecount="1" falsecount="0"/>
      <line num="259" count="37" type="stmt"/>
      <line num="263" count="37" type="stmt"/>
      <line num="266" count="37" type="cond" truecount="3" falsecount="0"/>
      <line num="267" count="37" type="stmt"/>
      <line num="268" count="37" type="stmt"/>
      <line num="270" count="37" type="stmt"/>
      <line num="272" count="37" type="stmt"/>
      <line num="280" count="35" type="cond" truecount="1" falsecount="0"/>
      <line num="281" count="12" type="stmt"/>
      <line num="284" count="12" type="stmt"/>
      <line num="291" count="12" type="stmt"/>
      <line num="292" count="8" type="cond" truecount="3" falsecount="0"/>
      <line num="293" count="3" type="stmt"/>
      <line num="297" count="8" type="cond" truecount="1" falsecount="0"/>
      <line num="298" count="1" type="stmt"/>
      <line num="299" count="1" type="stmt"/>
      <line num="303" count="8" type="stmt"/>
      <line num="307" count="23" type="stmt"/>
      <line num="310" count="23" type="cond" truecount="1" falsecount="0"/>
      <line num="311" count="2" type="stmt"/>
      <line num="312" count="2" type="stmt"/>
      <line num="315" count="2" type="cond" truecount="1" falsecount="0"/>
      <line num="316" count="1" type="cond" truecount="1" falsecount="1"/>
      <line num="317" count="1" type="cond" truecount="1" falsecount="1"/>
      <line num="318" count="1" type="cond" truecount="1" falsecount="1"/>
      <line num="322" count="23" type="stmt"/>
      <line num="324" count="14" type="cond" truecount="1" falsecount="0"/>
      <line num="325" count="1" type="stmt"/>
      <line num="327" count="13" type="stmt"/>
      <line num="329" count="37" type="stmt"/>
      <line num="348" count="3" type="stmt"/>
      <line num="360" count="11" type="cond" truecount="2" falsecount="0"/>
      <line num="361" count="11" type="cond" truecount="2" falsecount="0"/>
      <line num="362" count="11" type="cond" truecount="2" falsecount="0"/>
      <line num="363" count="11" type="cond" truecount="2" falsecount="0"/>
      <line num="366" count="11" type="stmt"/>
      <line num="372" count="11" type="stmt"/>
      <line num="377" count="11" type="cond" truecount="1" falsecount="0"/>
      <line num="378" count="11" type="stmt"/>
      <line num="382" count="11" type="cond" truecount="1" falsecount="0"/>
      <line num="383" count="11" type="stmt"/>
      <line num="387" count="11" type="cond" truecount="2" falsecount="0"/>
      <line num="388" count="11" type="stmt"/>
      <line num="389" count="11" type="stmt"/>
      <line num="391" count="11" type="stmt"/>
      <line num="393" count="11" type="stmt"/>
      <line num="401" count="10" type="cond" truecount="1" falsecount="0"/>
      <line num="402" count="1" type="stmt"/>
      <line num="403" count="1" type="stmt"/>
      <line num="410" count="9" type="cond" truecount="1" falsecount="0"/>
      <line num="411" count="1" type="stmt"/>
      <line num="415" count="8" type="stmt"/>
      <line num="416" count="8" type="stmt"/>
      <line num="417" count="8" type="stmt"/>
      <line num="419" count="8" type="stmt"/>
      <line num="420" count="33" type="stmt"/>
      <line num="421" count="33" type="cond" truecount="1" falsecount="0"/>
      <line num="423" count="25" type="stmt"/>
      <line num="424" count="25" type="stmt"/>
      <line num="425" count="25" type="cond" truecount="2" falsecount="0"/>
      <line num="427" count="25" type="stmt"/>
      <line num="428" count="3" type="cond" truecount="0" falsecount="1"/>
      <line num="430" count="3" type="stmt"/>
      <line num="431" count="3" type="stmt"/>
      <line num="434" count="2" type="cond" truecount="2" falsecount="1"/>
      <line num="435" count="2" type="stmt"/>
      <line num="437" count="2" type="stmt"/>
      <line num="445" count="1" type="stmt"/>
      <line num="451" count="8" type="cond" truecount="1" falsecount="0"/>
      <line num="452" count="7" type="stmt"/>
      <line num="453" count="7" type="stmt"/>
      <line num="456" count="1" type="cond" truecount="2" falsecount="1"/>
      <line num="457" count="1" type="stmt"/>
      <line num="459" count="1" type="stmt"/>
      <line num="467" count="6" type="stmt"/>
      <line num="472" count="8" type="stmt"/>
      <line num="480" count="3" type="cond" truecount="1" falsecount="0"/>
      <line num="481" count="1" type="stmt"/>
      <line num="483" count="2" type="stmt"/>
      <line num="485" count="11" type="stmt"/>
      <line num="500" count="1" type="stmt"/>
      <line num="507" count="1" type="stmt"/>
      <line num="520" count="1" type="stmt"/>
      <line num="540" count="3" type="stmt"/>
      <line num="543" count="3" type="stmt"/>
      <line num="549" count="3" type="stmt"/>
      <line num="558" count="3" type="cond" truecount="2" falsecount="0"/>
      <line num="560" count="1" type="cond" truecount="1" falsecount="1"/>
      <line num="561" count="2" type="cond" truecount="2" falsecount="0"/>
      <line num="563" count="1" type="stmt"/>
      <line num="566" count="1" type="stmt"/>
      <line num="582" count="6" type="stmt"/>
      <line num="585" count="6" type="stmt"/>
      <line num="592" count="6" type="stmt"/>
      <line num="601" count="6" type="stmt"/>
      <line num="604" count="6" type="stmt"/>
      <line num="605" count="8" type="stmt"/>
      <line num="613" count="16" type="stmt"/>
      <line num="615" count="16" type="stmt"/>
      <line num="616" count="20" type="cond" truecount="1" falsecount="1"/>
      <line num="617" count="20" type="cond" truecount="2" falsecount="0"/>
      <line num="621" count="20" type="cond" truecount="2" falsecount="0"/>
      <line num="622" count="2" type="stmt"/>
      <line num="623" count="18" type="cond" truecount="2" falsecount="0"/>
      <line num="624" count="1" type="stmt"/>
      <line num="626" count="17" type="stmt"/>
      <line num="631" count="16" type="stmt"/>
      <line num="633" count="16" type="stmt"/>
      <line num="641" count="13" type="stmt"/>
      <line num="642" count="13" type="stmt"/>
      <line num="644" count="13" type="stmt"/>
      <line num="664" count="1" type="stmt"/>
      <line num="669" count="1" type="cond" truecount="2" falsecount="4"/>
      <line num="671" count="1" type="stmt"/>
      <line num="673" count="1" type="cond" truecount="1" falsecount="0"/>
      <line num="674" count="1" type="cond" truecount="1" falsecount="0"/>
      <line num="675" count="1" type="cond" truecount="1" falsecount="0"/>
      <line num="676" count="1" type="cond" truecount="1" falsecount="0"/>
      <line num="677" count="1" type="cond" truecount="1" falsecount="0"/>
      <line num="680" count="1" type="cond" truecount="2" falsecount="0"/>
      <line num="684" count="1" type="stmt"/>
      <line num="693" count="88" type="cond" truecount="2" falsecount="0"/>
      <line num="696" count="88" type="stmt"/>
      <line num="699" count="88" type="cond" truecount="3" falsecount="1"/>
      <line num="702" count="88" type="stmt"/>
      <line num="738" count="88" type="stmt"/>
      <line num="747" count="88" type="stmt"/>
      <line num="749" count="88" type="stmt"/>
      <line num="757" count="4" type="cond" truecount="1" falsecount="0"/>
      <line num="758" count="2" type="cond" truecount="2" falsecount="0"/>
      <line num="759" count="1" type="stmt"/>
      <line num="761" count="1" type="stmt"/>
      <line num="766" count="4" type="cond" truecount="1" falsecount="0"/>
      <line num="767" count="1" type="stmt"/>
      <line num="771" count="4" type="stmt"/>
      <line num="778" count="2" type="cond" truecount="1" falsecount="0"/>
      <line num="779" count="1" type="stmt"/>
      <line num="783" count="1" type="stmt"/>
      <line num="786" count="1" type="stmt"/>
      <line num="787" count="2" type="cond" truecount="1" falsecount="0"/>
      <line num="789" count="2" type="stmt"/>
      <line num="794" count="1" type="stmt"/>
      <line num="801" count="3" type="cond" truecount="4" falsecount="0"/>
      <line num="803" count="1" type="stmt"/>
      <line num="805" count="1" type="stmt"/>
      <line num="820" count="2" type="stmt"/>
      <line num="823" count="2" type="cond" truecount="1" falsecount="0"/>
      <line num="824" count="1" type="stmt"/>
      <line num="838" count="1" type="stmt"/>
      <line num="841" count="1" type="stmt"/>
      <line num="842" count="2" type="stmt"/>
      <line num="845" count="1" type="stmt"/>
      <line num="846" count="2" type="stmt"/>
      <line num="849" count="1" type="stmt"/>
      <line num="850" count="2" type="stmt"/>
      <line num="853" count="1" type="stmt"/>
      <line num="854" count="2" type="stmt"/>
      <line num="857" count="1" type="stmt"/>
      <line num="858" count="2" type="stmt"/>
      <line num="861" count="1" type="stmt"/>
      <line num="862" count="2" type="stmt"/>
      <line num="865" count="1" type="stmt"/>
      <line num="866" count="2" type="stmt"/>
      <line num="869" count="1" type="stmt"/>
      <line num="870" count="2" type="stmt"/>
      <line num="873" count="1" type="stmt"/>
      <line num="891" count="3" type="cond" truecount="4" falsecount="0"/>
      <line num="893" count="1" type="stmt"/>
      <line num="894" count="1" type="stmt"/>
      <line num="895" count="1" type="stmt"/>
      <line num="896" count="1" type="stmt"/>
      <line num="897" count="1" type="stmt"/>
      <line num="898" count="1" type="stmt"/>
      <line num="899" count="2" type="cond" truecount="2" falsecount="0"/>
      <line num="901" count="1" type="stmt"/>
      <line num="902" count="1" type="stmt"/>
      <line num="903" count="4" type="stmt"/>
      <line num="904" count="4" type="stmt"/>
      <line num="905" count="4" type="stmt"/>
      <line num="906" count="4" type="stmt"/>
      <line num="907" count="4" type="stmt"/>
      <line num="910" count="1" type="stmt"/>
      <line num="923" count="4" type="cond" truecount="1" falsecount="0"/>
      <line num="924" count="1" type="stmt"/>
      <line num="928" count="3" type="stmt"/>
      <line num="929" count="3" type="cond" truecount="2" falsecount="0"/>
      <line num="932" count="3" type="stmt"/>
      <line num="939" count="3" type="stmt"/>
      <line num="940" count="3" type="stmt"/>
      <line num="943" count="2" type="stmt"/>
      <line num="945" count="2" type="stmt"/>
      <line num="948" count="1" type="stmt"/>
      <line num="949" count="1" type="stmt"/>
      <line num="959" count="13" type="cond" truecount="2" falsecount="0"/>
      <line num="962" count="13" type="stmt"/>
      <line num="965" count="13" type="stmt"/>
      <line num="966" count="13" type="cond" truecount="1" falsecount="0"/>
      <line num="967" count="13" type="cond" truecount="1" falsecount="0"/>
      <line num="968" count="13" type="cond" truecount="1" falsecount="0"/>
      <line num="969" count="13" type="cond" truecount="1" falsecount="0"/>
      <line num="970" count="13" type="cond" truecount="0" falsecount="1"/>
      <line num="971" count="13" type="cond" truecount="0" falsecount="1"/>
      <line num="972" count="13" type="cond" truecount="0" falsecount="1"/>
      <line num="973" count="13" type="cond" truecount="3" falsecount="0"/>
      <line num="977" count="13" type="cond" truecount="2" falsecount="0"/>
      <line num="980" count="13" type="stmt"/>
      <line num="983" count="13" type="cond" truecount="2" falsecount="0"/>
      <line num="985" count="13" type="stmt"/>
      <line num="987" count="13" type="stmt"/>
      <line num="993" count="13" type="stmt"/>
      <line num="1002" count="13" type="stmt"/>
      <line num="1005" count="12" type="stmt"/>
      <line num="1006" count="12" type="cond" truecount="2" falsecount="0"/>
      <line num="1007" count="11" type="cond" truecount="1" falsecount="1"/>
      <line num="1009" count="1" type="stmt"/>
      <line num="1013" count="12" type="stmt"/>
      <line num="1016" count="12" type="stmt"/>
      <line num="1019" count="12" type="stmt"/>
      <line num="1028" count="1" type="stmt"/>
      <line num="1029" count="1" type="stmt"/>
      <line num="1039" count="3" type="cond" truecount="2" falsecount="0"/>
      <line num="1042" count="3" type="stmt"/>
      <line num="1045" count="3" type="stmt"/>
      <line num="1046" count="3" type="cond" truecount="1" falsecount="0"/>
      <line num="1047" count="3" type="cond" truecount="0" falsecount="1"/>
      <line num="1048" count="3" type="cond" truecount="0" falsecount="1"/>
      <line num="1049" count="3" type="cond" truecount="0" falsecount="1"/>
      <line num="1050" count="3" type="cond" truecount="0" falsecount="1"/>
      <line num="1051" count="3" type="cond" truecount="0" falsecount="1"/>
      <line num="1052" count="3" type="cond" truecount="0" falsecount="1"/>
      <line num="1053" count="3" type="cond" truecount="3" falsecount="0"/>
      <line num="1057" count="3" type="cond" truecount="2" falsecount="0"/>
      <line num="1060" count="3" type="stmt"/>
      <line num="1063" count="3" type="cond" truecount="2" falsecount="0"/>
      <line num="1066" count="3" type="stmt"/>
      <line num="1073" count="3" type="stmt"/>
      <line num="1081" count="3" type="stmt"/>
      <line num="1084" count="3" type="stmt"/>
      <line num="1085" count="1" type="stmt"/>
    </file>
  </project>
</coverage>
